Determining if the pthread_create exist failed with the following output:
Change Dir: /media/julian/DATA/IMAC/OPENGL/Temple-OpenGL/cmake-build-debug/CMakeFiles/CMakeTmp

Run Build Command:"/usr/bin/make" "cmTC_5e671/fast"
/usr/bin/make -f CMakeFiles/cmTC_5e671.dir/build.make CMakeFiles/cmTC_5e671.dir/build
make[1] : on entre dans le répertoire « /media/julian/DATA/IMAC/OPENGL/Temple-OpenGL/cmake-build-debug/CMakeFiles/CMakeTmp »
Building C object CMakeFiles/cmTC_5e671.dir/CheckSymbolExists.c.o
/usr/bin/cc    -o CMakeFiles/cmTC_5e671.dir/CheckSymbolExists.c.o   -c /media/julian/DATA/IMAC/OPENGL/Temple-OpenGL/cmake-build-debug/CMakeFiles/CMakeTmp/CheckSymbolExists.c
Linking C executable cmTC_5e671
/opt/clion-2018.2.6/bin/cmake/linux/bin/cmake -E cmake_link_script CMakeFiles/cmTC_5e671.dir/link.txt --verbose=1
/usr/bin/cc      -rdynamic CMakeFiles/cmTC_5e671.dir/CheckSymbolExists.c.o  -o cmTC_5e671 
CMakeFiles/cmTC_5e671.dir/CheckSymbolExists.c.o : Dans la fonction « main » :
CheckSymbolExists.c:(.text+0x1b) : référence indéfinie vers « pthread_create »
collect2: error: ld returned 1 exit status
CMakeFiles/cmTC_5e671.dir/build.make:86: recipe for target 'cmTC_5e671' failed
make[1]: *** [cmTC_5e671] Error 1
make[1] : on quitte le répertoire « /media/julian/DATA/IMAC/OPENGL/Temple-OpenGL/cmake-build-debug/CMakeFiles/CMakeTmp »
Makefile:121: recipe for target 'cmTC_5e671/fast' failed
make: *** [cmTC_5e671/fast] Error 2

File /media/julian/DATA/IMAC/OPENGL/Temple-OpenGL/cmake-build-debug/CMakeFiles/CMakeTmp/CheckSymbolExists.c:
/* */
#include <pthread.h>

int main(int argc, char** argv)
{
  (void)argv;
#ifndef pthread_create
  return ((int*)(&pthread_create))[argc];
#else
  (void)argc;
  return 0;
#endif
}

Determining if the function pthread_create exists in the pthreads failed with the following output:
Change Dir: /media/julian/DATA/IMAC/OPENGL/Temple-OpenGL/cmake-build-debug/CMakeFiles/CMakeTmp

Run Build Command:"/usr/bin/make" "cmTC_9d4c7/fast"
/usr/bin/make -f CMakeFiles/cmTC_9d4c7.dir/build.make CMakeFiles/cmTC_9d4c7.dir/build
make[1] : on entre dans le répertoire « /media/julian/DATA/IMAC/OPENGL/Temple-OpenGL/cmake-build-debug/CMakeFiles/CMakeTmp »
Building C object CMakeFiles/cmTC_9d4c7.dir/CheckFunctionExists.c.o
/usr/bin/cc   -DCHECK_FUNCTION_EXISTS=pthread_create   -o CMakeFiles/cmTC_9d4c7.dir/CheckFunctionExists.c.o   -c /opt/clion-2018.2.6/bin/cmake/linux/share/cmake-3.12/Modules/CheckFunctionExists.c
Linking C executable cmTC_9d4c7
/opt/clion-2018.2.6/bin/cmake/linux/bin/cmake -E cmake_link_script CMakeFiles/cmTC_9d4c7.dir/link.txt --verbose=1
/usr/bin/cc  -DCHECK_FUNCTION_EXISTS=pthread_create    -rdynamic CMakeFiles/cmTC_9d4c7.dir/CheckFunctionExists.c.o  -o cmTC_9d4c7 -lpthreads 
/usr/bin/ld : ne peut trouver -lpthreads
collect2: error: ld returned 1 exit status
CMakeFiles/cmTC_9d4c7.dir/build.make:86: recipe for target 'cmTC_9d4c7' failed
make[1]: *** [cmTC_9d4c7] Error 1
make[1] : on quitte le répertoire « /media/julian/DATA/IMAC/OPENGL/Temple-OpenGL/cmake-build-debug/CMakeFiles/CMakeTmp »
Makefile:121: recipe for target 'cmTC_9d4c7/fast' failed
make: *** [cmTC_9d4c7/fast] Error 2


